[2024 Feb 15, 3:56 pm] db.ERROR: Error getting IP localle data {"message":"error setting certificate verify locations:\n  CAfile: C:\\cert\\cacert.pem\n  CApath: none"} []
[2024 Feb 15, 5:53 pm] api.INFO: Create order request [] {"url":"/new-kingsoft/api/order.php","ip":"::1","http_method":"POST","server":"localhost","referrer":"http://localhost:3000/new-kingsoft/checkout.php?plan=2"}
[2024 Feb 15, 5:54 pm] db.CRITICAL: Error registering new customer {"message":"SQLSTATE[HY000]: General error: mode must be an integer"} []
[2024 Feb 16, 12:06 pm] api.INFO: Create order request [] {"url":"/new-kingsoft/api/order.php","ip":"::1","http_method":"POST","server":"localhost","referrer":"http://localhost:3000/new-kingsoft/checkout.php?plan=3"}
[2024 Feb 16, 12:06 pm] db.CRITICAL: Error registering new customer {"message":"SQLSTATE[42S22]: Column not found: 1054 Unknown column 'zip' in 'field list'"} []
[2024 Feb 16, 12:06 pm] api.CRITICAL: Failed to complete order request {"message":"SQLSTATE[42S22]: Column not found: 1054 Unknown column 'zip' in 'field list'"} {"url":"/new-kingsoft/api/order.php","ip":"::1","http_method":"POST","server":"localhost","referrer":"http://localhost:3000/new-kingsoft/checkout.php?plan=3"}
[2024 Feb 16, 12:08 pm] api.INFO: Create order request [] {"url":"/new-kingsoft/api/order.php","ip":"::1","http_method":"POST","server":"localhost","referrer":"http://localhost:3000/new-kingsoft/checkout.php?plan=3"}
[2024 Feb 16, 12:08 pm] db.CRITICAL: Error registering new customer {"message":"SQLSTATE[HY000]: General error: mode must be an integer"} []
[2024 Feb 16, 12:08 pm] api.CRITICAL: Failed to complete order request {"message":"SQLSTATE[HY000]: General error: mode must be an integer"} {"url":"/new-kingsoft/api/order.php","ip":"::1","http_method":"POST","server":"localhost","referrer":"http://localhost:3000/new-kingsoft/checkout.php?plan=3"}
[2024 Feb 16, 12:19 pm] api.INFO: Create order request [] {"url":"/new-kingsoft/api/order.php","ip":"::1","http_method":"POST","server":"localhost","referrer":"http://localhost:3000/new-kingsoft/checkout.php?plan=3"}
[2024 Feb 16, 12:25 pm] api.INFO: Create order request [] {"url":"/new-kingsoft/api/order.php","ip":"::1","http_method":"POST","server":"localhost","referrer":"http://localhost:3000/new-kingsoft/checkout.php?plan=3"}
[2024 Feb 16, 12:28 pm] api.INFO: Create order request [] {"url":"/new-kingsoft/api/order.php","ip":"::1","http_method":"POST","server":"localhost","referrer":"http://localhost:3000/new-kingsoft/checkout.php?plan=3"}
[2024 Feb 16, 12:29 pm] api.INFO: Create order request [] {"url":"/new-kingsoft/api/order.php","ip":"::1","http_method":"POST","server":"localhost","referrer":"http://localhost:3000/new-kingsoft/checkout.php?plan=3"}
[2024 Feb 16, 12:34 pm] api.INFO: Create order request [] {"url":"/new-kingsoft/api/order.php","ip":"::1","http_method":"POST","server":"localhost","referrer":"http://localhost:3000/new-kingsoft/checkout.php?plan=3"}
[2024 Feb 16, 12:37 pm] api.INFO: Create order request [] {"url":"/new-kingsoft/api/order.php","ip":"::1","http_method":"POST","server":"localhost","referrer":"http://localhost:3000/new-kingsoft/checkout.php?plan=3"}
[2024 Feb 16, 12:40 pm] api.INFO: Create order request [] {"url":"/new-kingsoft/api/order.php","ip":"::1","http_method":"POST","server":"localhost","referrer":"http://localhost:3000/new-kingsoft/checkout.php?plan=3"}
[2024 Feb 16, 12:41 pm] api.INFO: Create order request [] {"url":"/new-kingsoft/api/order.php","ip":"::1","http_method":"POST","server":"localhost","referrer":"http://localhost:3000/new-kingsoft/checkout.php?plan=3"}
[2024 Feb 16, 12:47 pm] api.INFO: Create order request [] {"url":"/new-kingsoft/api/order.php","ip":"::1","http_method":"POST","server":"localhost","referrer":"http://localhost:3000/new-kingsoft/checkout.php?plan=3"}
[2024 Feb 16, 12:59 pm] api.INFO: Create order request [] {"url":"/new-kingsoft/api/order.php","ip":"::1","http_method":"POST","server":"localhost","referrer":"http://localhost:3000/new-kingsoft/checkout.php?plan=3"}
[2024 Feb 16, 12:59 pm] api.CRITICAL: Failed to complete order request {"message":"Error submitting pesapal order request: invalid_api_request_parameters"} {"url":"/new-kingsoft/api/order.php","ip":"::1","http_method":"POST","server":"localhost","referrer":"http://localhost:3000/new-kingsoft/checkout.php?plan=3"}
[2024 Feb 16, 1:01 pm] api.INFO: Create order request [] {"url":"/new-kingsoft/api/order.php","ip":"::1","http_method":"POST","server":"localhost","referrer":"http://localhost:3000/new-kingsoft/checkout.php?plan=3"}
[2024 Feb 16, 1:17 pm] api.INFO: Create order request [] {"url":"/new-kingsoft/api/order.php","ip":"::1","http_method":"POST","server":"localhost","referrer":"http://localhost:3000/new-kingsoft/checkout.php?plan=3"}
[2024 Feb 16, 1:17 pm] api.INFO: Create order request [] {"url":"/new-kingsoft/api/order.php","ip":"::1","http_method":"POST","server":"localhost","referrer":"http://localhost:3000/new-kingsoft/checkout.php?plan=3"}
[2024 Feb 16, 1:18 pm] api.INFO: Create order request [] {"url":"/new-kingsoft/api/order.php","ip":"::1","http_method":"POST","server":"localhost","referrer":"http://localhost:3000/new-kingsoft/checkout.php?plan=3"}
[2024 Feb 16, 1:21 pm] api.INFO: Create order request [] {"url":"/new-kingsoft/api/order.php","ip":"::1","http_method":"POST","server":"localhost","referrer":"http://localhost:3000/new-kingsoft/checkout.php?plan=3"}
[2024 Feb 19, 10:54 am] api.INFO: Create order request [] {"url":"/managex/api/order.php","ip":"::1","http_method":"POST","server":"localhost","referrer":"http://localhost:3000/managex/checkout.php?plan=3"}
[2024 Feb 19, 2:01 pm] api.INFO: Create order request [] {"url":"/managex/api/order.php","ip":"::1","http_method":"POST","server":"localhost","referrer":"http://localhost:3000/managex/checkout.php?plan=1"}
[2024 Feb 19, 2:07 pm] api.INFO: Create order request [] {"url":"/managex/api/order.php","ip":"::1","http_method":"POST","server":"localhost","referrer":"http://localhost:3000/managex/checkout.php?plan=1"}
[2024 Feb 19, 2:16 pm] api.INFO: Create order request [] {"url":"/managex/api/order.php","ip":"::1","http_method":"POST","server":"localhost","referrer":"http://localhost:3000/managex/checkout.php?plan=1"}
[2024 Feb 19, 4:45 pm] api.INFO: Create order request [] {"url":"/managex/api/order.php","ip":"::1","http_method":"POST","server":"localhost","referrer":"http://localhost:3000/managex/checkout.php?plan=1"}
[2024 Feb 19, 4:47 pm] api.INFO: Create order request [] {"url":"/managex/api/order.php","ip":"::1","http_method":"POST","server":"localhost","referrer":"http://localhost:3000/managex/checkout.php?plan=1"}
[2024 Feb 19, 4:48 pm] api.INFO: Create order request [] {"url":"/managex/api/order.php","ip":"::1","http_method":"POST","server":"localhost","referrer":"http://localhost:3000/managex/checkout.php?plan=1"}
[2024 Feb 19, 5:17 pm] api.INFO: Create order request [] {"url":"/managex/api/order.php","ip":"::1","http_method":"POST","server":"localhost","referrer":"http://localhost:3000/managex/checkout.php?plan=1"}
[2024 Feb 19, 5:20 pm] Controller.INFO: Process payment request [] []
[2024 Feb 19, 5:20 pm] Controller.INFO: Process payment request [] []
[2024 Feb 19, 5:21 pm] Controller.INFO: Process payment request [] []
[2024 Feb 19, 5:22 pm] Controller.INFO: Process payment request [] []
[2024 Feb 19, 5:22 pm] Controller.CRITICAL: Failed to get transaction status [] {"url":"/managex/controllers/process_payment.php?OrderTrackingId=f7965e87-dea4-4fa7-b696-dd91a807c533&OrderMerchantReference=x8te3Xer1xJ6IGpf","ip":"::1","http_method":"GET","server":"localhost","referrer":null}
[2024 Feb 19, 5:24 pm] api.INFO: Create order request [] {"url":"/managex/api/order.php","ip":"::1","http_method":"POST","server":"localhost","referrer":"http://localhost:3000/managex/checkout.php?plan=1"}
[2024 Feb 19, 5:26 pm] Controller.INFO: Process payment request [] []
[2024 Feb 19, 5:26 pm] Controller.INFO: Process payment request [] []
[2024 Feb 19, 5:26 pm] Controller.INFO: Process payment request [] []
[2024 Feb 19, 5:27 pm] Controller.INFO: Process payment request [] []
[2024 Feb 19, 5:27 pm] Controller.INFO: Process payment request [] []
[2024 Feb 19, 5:27 pm] Controller.INFO: Process payment request [] []
[2024 Feb 19, 5:27 pm] Controller.INFO: Process payment request [] []
[2024 Feb 19, 5:28 pm] Controller.INFO: Process payment request [] []
[2024 Feb 19, 5:28 pm] Controller.INFO: Process payment request [] []
[2024 Feb 19, 5:28 pm] Controller.INFO: Process payment request [] []
[2024 Feb 19, 5:28 pm] Controller.INFO: Process payment request [] []
[2024 Feb 19, 5:29 pm] Controller.INFO: Process payment request [] []
[2024 Feb 20, 10:40 am] api.INFO: Create order request [] {"url":"/managex/api/order.php","ip":"::1","http_method":"POST","server":"localhost","referrer":"http://localhost:3000/managex/checkout.php?plan=1"}
[2024 Feb 20, 10:42 am] Controller.INFO: Process payment request [] []
[2024 Feb 20, 10:45 am] api.INFO: Create order request [] {"url":"/managex/api/order.php","ip":"::1","http_method":"POST","server":"localhost","referrer":"http://localhost:3000/managex/checkout.php?plan=1"}
[2024 Feb 20, 10:46 am] Controller.INFO: Process payment request [] []
[2024 Feb 20, 11:10 am] api.INFO: Create order request [] {"url":"/managex/api/order.php","ip":"::1","http_method":"POST","server":"localhost","referrer":"http://localhost:3000/managex/checkout.php?plan=1&status=1&account="}
[2024 Feb 20, 11:11 am] Controller.INFO: Process payment request [] []
[2024 Feb 20, 11:15 am] api.INFO: Create order request [] {"url":"/managex/api/order.php","ip":"::1","http_method":"POST","server":"localhost","referrer":"http://localhost:3000/managex/checkout.php?plan=1"}
[2024 Feb 20, 11:16 am] Controller.INFO: Process payment request [] []
[2024 Feb 20, 11:17 am] api.INFO: Create order request [] {"url":"/managex/api/order.php","ip":"::1","http_method":"POST","server":"localhost","referrer":"http://localhost:3000/managex/checkout.php?plan=1"}
[2024 Feb 20, 11:18 am] Controller.INFO: Process payment request [] []
[2024 Feb 20, 12:56 pm] api.INFO: Create order request [] {"url":"/managex/api/order.php","ip":"::1","http_method":"POST","server":"localhost","referrer":"http://localhost:3000/managex/checkout.php?plan=3"}
[2024 Feb 20, 12:56 pm] api.INFO: Create order request [] {"url":"/managex/api/order.php","ip":"::1","http_method":"POST","server":"localhost","referrer":"http://localhost:3000/managex/checkout.php?plan=3"}
[2024 Feb 20, 12:57 pm] api.INFO: Create order request [] {"url":"/managex/api/order.php","ip":"::1","http_method":"POST","server":"localhost","referrer":"http://localhost:3000/managex/checkout.php?plan=1"}
[2024 Feb 20, 12:58 pm] Controller.INFO: Process payment request [] []
[2024 Feb 20, 12:59 pm] Controller.INFO: Process payment request [] []
[2024 Feb 20, 12:59 pm] Controller.INFO: Process payment request [] []
[2024 Feb 20, 12:59 pm] Controller.INFO: Process payment request [] []
[2024 Feb 20, 12:59 pm] Controller.INFO: Process payment request [] []
[2024 Feb 20, 1:00 pm] Controller.INFO: Process payment request [] []
[2024 Feb 20, 1:00 pm] Controller.INFO: Process payment request [] []
[2024 Feb 20, 1:00 pm] Controller.INFO: Process payment request [] []
[2024 Feb 20, 1:01 pm] api.INFO: Create order request [] {"url":"/managex/api/order.php","ip":"::1","http_method":"POST","server":"localhost","referrer":"http://localhost:3000/managex/checkout.php?plan=1"}
[2024 Feb 20, 1:02 pm] Controller.INFO: Process payment request [] []
[2024 Feb 20, 2:28 pm] api.INFO: Create order request [] {"url":"/managex/api/order.php","ip":"::1","http_method":"POST","server":"localhost","referrer":"http://localhost:3000/managex/checkout.php?plan=1"}
[2024 Feb 20, 2:30 pm] api.INFO: Create order request [] {"url":"/managex/api/order.php","ip":"::1","http_method":"POST","server":"localhost","referrer":"http://localhost:3000/managex/checkout.php?plan=1"}
[2024 Feb 20, 2:34 pm] api.INFO: Create order request [] {"url":"/managex/api/order.php","ip":"::1","http_method":"POST","server":"localhost","referrer":"http://localhost:3000/managex/checkout.php?plan=1"}
[2024 Feb 20, 3:58 pm] api.INFO: Create order request [] {"url":"/managex/api/order.php","ip":"::1","http_method":"POST","server":"localhost","referrer":"http://localhost:3000/managex/checkout.php?plan=1"}
[2024 Feb 20, 3:58 pm] api.CRITICAL: Failed to complete order request {"message":"Error submitting pesapal order request: invalid_api_request_parameters"} {"url":"/managex/api/order.php","ip":"::1","http_method":"POST","server":"localhost","referrer":"http://localhost:3000/managex/checkout.php?plan=1"}
[2024 Feb 20, 4:19 pm] api.INFO: Create order request [] {"url":"/managex/api/order.php","ip":"::1","http_method":"POST","server":"localhost","referrer":"http://localhost:3000/managex/checkout.php?plan=1"}
[2024 Feb 20, 4:20 pm] Controller.INFO: Process payment request [] []
[2024 Feb 20, 4:20 pm] db.CRITICAL: Error enrolling customer to a plan {"message":"SQLSTATE[23000]: Integrity constraint violation: 1452 Cannot add or update a child row: a foreign key constraint fails (`managex_site`.`customer_plans`, CONSTRAINT `customer_plans_ibfk_2` FOREIGN KEY (`customer`) REFERENCES `customers` (`id`) ON DELETE CASCADE ON UPDATE CASCADE)"} []
[2024 Feb 20, 4:20 pm] Controller.CRITICAL: Failed to get transaction status [] {"url":"/managex/controllers/process_payment.php?OrderTrackingId=30405c0e-a99e-4250-ac2c-dd903e526814&OrderMerchantReference=B9iCSrAfOxeA2dcm","ip":"::1","http_method":"GET","server":"localhost","referrer":null}
[2024 Feb 20, 4:22 pm] Controller.INFO: Process payment request [] []
[2024 Feb 20, 4:22 pm] db.CRITICAL: Error enrolling customer to a plan {"message":"SQLSTATE[23000]: Integrity constraint violation: 1452 Cannot add or update a child row: a foreign key constraint fails (`managex_site`.`customer_plans`, CONSTRAINT `customer_plans_ibfk_2` FOREIGN KEY (`customer`) REFERENCES `customers` (`id`) ON DELETE CASCADE ON UPDATE CASCADE)"} []
[2024 Feb 20, 4:22 pm] Controller.CRITICAL: Failed to get transaction status {"message":"SQLSTATE[23000]: Integrity constraint violation: 1452 Cannot add or update a child row: a foreign key constraint fails (`managex_site`.`customer_plans`, CONSTRAINT `customer_plans_ibfk_2` FOREIGN KEY (`customer`) REFERENCES `customers` (`id`) ON DELETE CASCADE ON UPDATE CASCADE)"} {"url":"/managex/controllers/process_payment.php?OrderTrackingId=30405c0e-a99e-4250-ac2c-dd903e526814&OrderMerchantReference=B9iCSrAfOxeA2dcm","ip":"::1","http_method":"GET","server":"localhost","referrer":null}
[2024 Feb 20, 4:24 pm] api.INFO: Create order request [] {"url":"/managex/api/order.php","ip":"::1","http_method":"POST","server":"localhost","referrer":"http://localhost:3000/managex/checkout.php?plan=1"}
[2024 Feb 20, 4:25 pm] Controller.INFO: Process payment request [] []
[2024 Feb 20, 4:35 pm] api.INFO: Create order request [] {"url":"/managex/api/order.php","ip":"::1","http_method":"POST","server":"localhost","referrer":"http://localhost:3000/managex/checkout.php?plan=1"}
[2024 Feb 20, 4:35 pm] db.CRITICAL: Error registering new customer {"message":"SQLSTATE[42S02]: Base table or view not found: 1146 Table 'managex_site.customeres' doesn't exist"} []
[2024 Feb 20, 4:35 pm] api.CRITICAL: Failed to complete order request {"message":"SQLSTATE[42S02]: Base table or view not found: 1146 Table 'managex_site.customeres' doesn't exist"} {"url":"/managex/api/order.php","ip":"::1","http_method":"POST","server":"localhost","referrer":"http://localhost:3000/managex/checkout.php?plan=1"}
[2024 Feb 20, 4:36 pm] api.INFO: Create order request [] {"url":"/managex/api/order.php","ip":"::1","http_method":"POST","server":"localhost","referrer":"http://localhost:3000/managex/checkout.php?plan=1"}
[2024 Feb 20, 4:37 pm] Controller.INFO: Process payment request [] []
[2024 Feb 20, 5:40 pm] api.INFO: Create order request [] {"url":"/managex/api/order.php","ip":"::1","http_method":"POST","server":"localhost","referrer":"http://localhost:3000/managex/checkout.php?plan=1"}
[2024 Feb 20, 5:40 pm] db.CRITICAL: Error registering new customer {"message":"You are already enrolled to a plan, if you'd like to upgrade your plan, please do it within managex"} []
[2024 Feb 20, 5:40 pm] api.CRITICAL: Failed to complete order request {"message":"You are already enrolled to a plan, if you'd like to upgrade your plan, please do it within managex"} {"url":"/managex/api/order.php","ip":"::1","http_method":"POST","server":"localhost","referrer":"http://localhost:3000/managex/checkout.php?plan=1"}
[2024 Feb 20, 5:42 pm] api.INFO: Create order request [] {"url":"/managex/api/order.php","ip":"::1","http_method":"POST","server":"localhost","referrer":"http://localhost:3000/managex/checkout.php?plan=1"}
[2024 Feb 20, 5:42 pm] db.CRITICAL: Error registering new customer {"message":"You are already enrolled to a plan, if you'd like to upgrade your plan, please do it within managex"} []
[2024 Feb 20, 5:42 pm] api.CRITICAL: Failed to complete order request {"message":"You are already enrolled to a plan, if you'd like to upgrade your plan, please do it within managex"} {"url":"/managex/api/order.php","ip":"::1","http_method":"POST","server":"localhost","referrer":"http://localhost:3000/managex/checkout.php?plan=1"}
[2024 Feb 20, 5:48 pm] api.INFO: Create order request [] {"url":"/managex/api/order.php","ip":"::1","http_method":"POST","server":"localhost","referrer":"http://localhost:3000/managex/checkout.php?plan=1"}
[2024 Feb 20, 5:49 pm] db.CRITICAL: Error registering new customer {"message":"You are already enrolled to a plan, if you'd like to upgrade your plan, please do it within managex"} []
[2024 Feb 20, 5:49 pm] api.CRITICAL: Failed to complete order request {"message":"You are already enrolled to a plan, if you'd like to upgrade your plan, please do it within managex"} {"url":"/managex/api/order.php","ip":"::1","http_method":"POST","server":"localhost","referrer":"http://localhost:3000/managex/checkout.php?plan=1"}
[2024 Feb 20, 5:49 pm] api.INFO: Create order request [] {"url":"/managex/api/order.php","ip":"::1","http_method":"POST","server":"localhost","referrer":"http://localhost:3000/managex/checkout.php?plan=1"}
[2024 Feb 20, 5:49 pm] db.CRITICAL: Error registering new customer {"message":"You are already enrolled to a plan, if you'd like to upgrade your plan, please do it within managex"} []
[2024 Feb 20, 5:49 pm] api.CRITICAL: Failed to complete order request {"message":"You are already enrolled to a plan, if you'd like to upgrade your plan, please do it within managex"} {"url":"/managex/api/order.php","ip":"::1","http_method":"POST","server":"localhost","referrer":"http://localhost:3000/managex/checkout.php?plan=1"}
[2024 Feb 20, 5:49 pm] api.INFO: Create order request [] {"url":"/managex/api/order.php","ip":"::1","http_method":"POST","server":"localhost","referrer":"http://localhost:3000/managex/checkout.php?plan=1"}
[2024 Feb 20, 5:49 pm] db.CRITICAL: Error registering new customer {"message":"You are already enrolled to a plan, if you'd like to upgrade your plan, please do it within managex"} []
[2024 Feb 20, 5:49 pm] api.CRITICAL: Failed to complete order request {"message":"You are already enrolled to a plan, if you'd like to upgrade your plan, please do it within managex"} {"url":"/managex/api/order.php","ip":"::1","http_method":"POST","server":"localhost","referrer":"http://localhost:3000/managex/checkout.php?plan=1"}
[2024 Feb 20, 5:59 pm] api.INFO: Create order request [] {"url":"/managex/api/order.php","ip":"::1","http_method":"POST","server":"localhost","referrer":"http://localhost:3000/managex/checkout.php?plan=1"}
[2024 Feb 20, 5:59 pm] db.CRITICAL: Error registering new customer {"message":"You are already enrolled to a plan, if you'd like to upgrade your plan, please do it within managex"} []
[2024 Feb 20, 5:59 pm] api.CRITICAL: Failed to complete order request {"message":"You are already enrolled to a plan, if you'd like to upgrade your plan, please do it within managex"} {"url":"/managex/api/order.php","ip":"::1","http_method":"POST","server":"localhost","referrer":"http://localhost:3000/managex/checkout.php?plan=1"}
[2024 Feb 20, 6:01 pm] api.INFO: Create order request [] {"url":"/managex/api/order.php","ip":"::1","http_method":"POST","server":"localhost","referrer":"http://localhost:3000/managex/checkout.php?plan=1"}
[2024 Feb 20, 6:01 pm] db.CRITICAL: Error registering new customer {"message":"You are already enrolled to a plan, if you'd like to upgrade your plan, please do it within managex"} []
[2024 Feb 20, 6:01 pm] api.CRITICAL: Failed to complete order request {"message":"You are already enrolled to a plan, if you'd like to upgrade your plan, please do it within managex"} {"url":"/managex/api/order.php","ip":"::1","http_method":"POST","server":"localhost","referrer":"http://localhost:3000/managex/checkout.php?plan=1"}
[2024 Feb 20, 6:02 pm] api.INFO: Create order request [] {"url":"/managex/api/order.php","ip":"::1","http_method":"POST","server":"localhost","referrer":"http://localhost:3000/managex/checkout.php?plan=1"}
[2024 Feb 20, 6:02 pm] db.CRITICAL: Error registering new customer {"message":"You are already enrolled to a plan, if you'd like to upgrade your plan, please do it within managex"} []
[2024 Feb 20, 6:02 pm] api.CRITICAL: Failed to complete order request {"message":"You are already enrolled to a plan, if you'd like to upgrade your plan, please do it within managex"} {"url":"/managex/api/order.php","ip":"::1","http_method":"POST","server":"localhost","referrer":"http://localhost:3000/managex/checkout.php?plan=1"}
[2024 Feb 20, 6:02 pm] api.INFO: Create order request [] {"url":"/managex/api/order.php","ip":"::1","http_method":"POST","server":"localhost","referrer":"http://localhost:3000/managex/checkout.php?plan=1"}
[2024 Feb 20, 6:02 pm] db.CRITICAL: Error registering new customer {"message":"You are already enrolled to a plan, if you'd like to upgrade your plan, please do it within managex"} []
[2024 Feb 20, 6:02 pm] api.CRITICAL: Failed to complete order request {"message":"You are already enrolled to a plan, if you'd like to upgrade your plan, please do it within managex"} {"url":"/managex/api/order.php","ip":"::1","http_method":"POST","server":"localhost","referrer":"http://localhost:3000/managex/checkout.php?plan=1"}
[2024 Feb 20, 6:03 pm] api.INFO: Create order request [] {"url":"/managex/api/order.php","ip":"::1","http_method":"POST","server":"localhost","referrer":"http://localhost:3000/managex/checkout.php?plan=1"}
[2024 Feb 20, 6:03 pm] db.CRITICAL: Error registering new customer {"message":"You are already enrolled to a plan, if you'd like to upgrade your plan, please do it within managex"} []
[2024 Feb 20, 6:03 pm] api.CRITICAL: Failed to complete order request {"message":"You are already enrolled to a plan, if you'd like to upgrade your plan, please do it within managex"} {"url":"/managex/api/order.php","ip":"::1","http_method":"POST","server":"localhost","referrer":"http://localhost:3000/managex/checkout.php?plan=1"}
[2024 Feb 20, 6:03 pm] api.INFO: Create order request [] {"url":"/managex/api/order.php","ip":"::1","http_method":"POST","server":"localhost","referrer":"http://localhost:3000/managex/checkout.php?plan=1"}
[2024 Feb 20, 6:04 pm] db.CRITICAL: Error registering new customer {"message":"You are already enrolled to a plan, if you'd like to upgrade your plan, please do it within managex"} []
[2024 Feb 20, 6:04 pm] api.CRITICAL: Failed to complete order request {"message":"You are already enrolled to a plan, if you'd like to upgrade your plan, please do it within managex"} {"url":"/managex/api/order.php","ip":"::1","http_method":"POST","server":"localhost","referrer":"http://localhost:3000/managex/checkout.php?plan=1"}
[2024 Feb 20, 6:05 pm] api.INFO: Create order request [] {"url":"/managex/api/order.php","ip":"::1","http_method":"POST","server":"localhost","referrer":"http://localhost:3000/managex/checkout.php?plan=1"}
[2024 Feb 20, 6:05 pm] db.CRITICAL: Error registering new customer {"message":"You are already enrolled to a plan, if you'd like to upgrade your plan, please do it within managex"} []
[2024 Feb 20, 6:05 pm] api.CRITICAL: Failed to complete order request {"message":"You are already enrolled to a plan, if you'd like to upgrade your plan, please do it within managex"} {"url":"/managex/api/order.php","ip":"::1","http_method":"POST","server":"localhost","referrer":"http://localhost:3000/managex/checkout.php?plan=1"}
[2024 Feb 20, 6:06 pm] api.INFO: Create order request [] {"url":"/managex/api/order.php","ip":"::1","http_method":"POST","server":"localhost","referrer":"http://localhost:3000/managex/checkout.php?plan=1"}
[2024 Feb 20, 6:06 pm] db.CRITICAL: Error registering new customer {"message":"You are already enrolled to a plan, if you'd like to upgrade your plan, please do it within managex"} []
[2024 Feb 20, 6:06 pm] api.CRITICAL: Failed to complete order request {"message":"You are already enrolled to a plan, if you'd like to upgrade your plan, please do it within managex"} {"url":"/managex/api/order.php","ip":"::1","http_method":"POST","server":"localhost","referrer":"http://localhost:3000/managex/checkout.php?plan=1"}
[2024 Feb 20, 6:07 pm] api.INFO: Create order request [] {"url":"/managex/api/order.php","ip":"::1","http_method":"POST","server":"localhost","referrer":"http://localhost:3000/managex/checkout.php?plan=1"}
[2024 Feb 20, 6:07 pm] db.CRITICAL: Error registering new customer {"message":"You are already enrolled to a plan, if you'd like to upgrade your plan, please do it within managex"} []
[2024 Feb 20, 6:07 pm] api.CRITICAL: Failed to complete order request {"message":"You are already enrolled to a plan, if you'd like to upgrade your plan, please do it within managex"} {"url":"/managex/api/order.php","ip":"::1","http_method":"POST","server":"localhost","referrer":"http://localhost:3000/managex/checkout.php?plan=1"}
[2024 Feb 20, 6:08 pm] api.INFO: Create order request [] {"url":"/managex/api/order.php","ip":"::1","http_method":"POST","server":"localhost","referrer":"http://localhost:3000/managex/checkout.php?plan=1"}
[2024 Feb 20, 6:08 pm] db.CRITICAL: Error registering new customer {"message":"You are already enrolled to a plan, if you'd like to upgrade your plan, please do it within managex"} []
[2024 Feb 20, 6:08 pm] api.CRITICAL: Failed to complete order request {"message":"You are already enrolled to a plan, if you'd like to upgrade your plan, please do it within managex"} {"url":"/managex/api/order.php","ip":"::1","http_method":"POST","server":"localhost","referrer":"http://localhost:3000/managex/checkout.php?plan=1"}
[2024 Feb 20, 6:10 pm] api.INFO: Create order request [] {"url":"/managex/api/order.php","ip":"::1","http_method":"POST","server":"localhost","referrer":"http://localhost:3000/managex/checkout.php?plan=1"}
[2024 Feb 20, 6:10 pm] db.CRITICAL: Error registering new customer {"message":"You are already enrolled to a plan, if you'd like to upgrade your plan, please do it within managex"} []
[2024 Feb 20, 6:10 pm] api.CRITICAL: Failed to complete order request {"message":"You are already enrolled to a plan, if you'd like to upgrade your plan, please do it within managex"} {"url":"/managex/api/order.php","ip":"::1","http_method":"POST","server":"localhost","referrer":"http://localhost:3000/managex/checkout.php?plan=1"}
